system   I             system.c:245  al_install_system                [   0.00056] Allegro version: 5.1.12 (WIP)
dtor     D               dtor.c:184  _al_register_destructor          [   0.00116] added dtor for object 000C03B0, func 0F67172B
system   D            wsystem.c:674  maybe_parent_dir                 [   0.00192] Also searching C:\Users\gsvil\Documents\ProgramacionDeGraficos1TP3\TP3\binaries\Win32\
system   D            wsystem.c:724  _al_win_safe_load_library        [   0.00244] PathFindOnPath found: C:\WINDOWS\system32\d3d9.dll
system   D            wsystem.c:635  load_library_at_path             [   0.00248] Calling LoadLibrary C:\WINDOWS\system32\d3d9.dll
system   I            wsystem.c:638  load_library_at_path             [   0.02615] Loaded C:\WINDOWS\system32\d3d9.dll
d3d      I         d3d_disp.cpp:672  d3d_init_display                 [   0.19858] Render-to-texture: 1
d3d      I         d3d_disp.cpp:1770 d3d_create_display_locked        [   0.19970] faux_fullscreen=0
d3d      D         d3d_disp.cpp:1771 d3d_create_display_locked        [   0.19973] al_display=0018CA30
d3d      D         d3d_disp.cpp:1772 d3d_create_display_locked        [   0.19975] al_display->vt=00176048
d3d      I d3d_display_formats.cpp:144  _al_d3d_generate_display_format_list [   0.21885] found 160 format combinations
display  D   display_settings.c:202  debug_display_settings           [   0.21891] color: 32 (rgba 8880), depth: 0, stencil: 0, acc: 0000, samples: 0/0
display  D   display_settings.c:517  _al_score_display_settings       [   0.21894] Score is : 897
display  D   display_settings.c:202  debug_display_settings           [   0.21896] color: 32 (rgba 8880), depth: 0, stencil: 0, acc: 0000, samples: 0/0
display  D   display_settings.c:517  _al_score_display_settings       [   0.21898] Score is : 897
display  D   display_settings.c:202  debug_display_settings           [   0.21900] color: 32 (rgba 8880), depth: 0, stencil: 0, acc: 0000, samples: 2/1
display  D   display_settings.c:517  _al_score_display_settings       [   0.21902] Score is : 726
display  D   display_settings.c:202  debug_display_settings           [   0.21904] color: 32 (rgba 8880), depth: 0, stencil: 0, acc: 0000, samples: 3/1
display  D   display_settings.c:517  _al_score_display_settings       [   0.21906] Score is : 721
display  D   display_settings.c:202  debug_display_settings           [   0.21907] color: 32 (rgba 8880), depth: 0, stencil: 0, acc: 0000, samples: 4/1
display  D   display_settings.c:517  _al_score_display_settings       [   0.21910] Score is : 717
display  D   display_settings.c:202  debug_display_settings           [   0.21911] color: 32 (rgba 8880), depth: 24, stencil: 8, acc: 0000, samples: 0/0
display  D   display_settings.c:517  _al_score_display_settings       [   0.21914] Score is : 897
display  D   display_settings.c:202  debug_display_settings           [   0.21915] color: 32 (rgba 8880), depth: 24, stencil: 8, acc: 0000, samples: 0/0
display  D   display_settings.c:517  _al_score_display_settings       [   0.21917] Score is : 897
display  D   display_settings.c:202  debug_display_settings           [   0.21919] color: 32 (rgba 8880), depth: 24, stencil: 8, acc: 0000, samples: 2/1
display  D   display_settings.c:517  _al_score_display_settings       [   0.21921] Score is : 726
display  D   display_settings.c:202  debug_display_settings           [   0.21923] color: 32 (rgba 8880), depth: 24, stencil: 8, acc: 0000, samples: 3/1
display  D   display_settings.c:517  _al_score_display_settings       [   0.21925] Score is : 721
display  D   display_settings.c:202  debug_display_settings           [   0.21927] color: 32 (rgba 8880), depth: 24, stencil: 8, acc: 0000, samples: 4/1
display  D   display_settings.c:517  _al_score_display_settings       [   0.21929] Score is : 717
display  D   display_settings.c:202  debug_display_settings           [   0.21931] color: 32 (rgba 8880), depth: 24, stencil: 0, acc: 0000, samples: 0/0
display  D   display_settings.c:517  _al_score_display_settings       [   0.21933] Score is : 897
display  D   display_settings.c:202  debug_display_settings           [   0.21939] color: 32 (rgba 8880), depth: 24, stencil: 0, acc: 0000, samples: 0/0
display  D   display_settings.c:517  _al_score_display_settings       [   0.21942] Score is : 897
display  D   display_settings.c:202  debug_display_settings           [   0.21943] color: 32 (rgba 8880), depth: 24, stencil: 0, acc: 0000, samples: 2/1
display  D   display_settings.c:517  _al_score_display_settings       [   0.21946] Score is : 726
display  D   display_settings.c:202  debug_display_settings           [   0.21947] color: 32 (rgba 8880), depth: 24, stencil: 0, acc: 0000, samples: 3/1
display  D   display_settings.c:517  _al_score_display_settings       [   0.21950] Score is : 721
display  D   display_settings.c:202  debug_display_settings           [   0.21951] color: 32 (rgba 8880), depth: 24, stencil: 0, acc: 0000, samples: 4/1
display  D   display_settings.c:517  _al_score_display_settings       [   0.21953] Score is : 717
display  D   display_settings.c:202  debug_display_settings           [   0.21955] color: 32 (rgba 8880), depth: 16, stencil: 0, acc: 0000, samples: 0/0
display  D   display_settings.c:517  _al_score_display_settings       [   0.21957] Score is : 897
display  D   display_settings.c:202  debug_display_settings           [   0.21959] color: 32 (rgba 8880), depth: 16, stencil: 0, acc: 0000, samples: 0/0
display  D   display_settings.c:517  _al_score_display_settings       [   0.21961] Score is : 897
display  D   display_settings.c:202  debug_display_settings           [   0.21965] color: 32 (rgba 8880), depth: 16, stencil: 0, acc: 0000, samples: 2/1
display  D   display_settings.c:517  _al_score_display_settings       [   0.21967] Score is : 726
display  D   display_settings.c:202  debug_display_settings           [   0.21969] color: 32 (rgba 8880), depth: 16, stencil: 0, acc: 0000, samples: 3/1
display  D   display_settings.c:517  _al_score_display_settings       [   0.21971] Score is : 721
display  D   display_settings.c:202  debug_display_settings           [   0.21973] color: 32 (rgba 8880), depth: 16, stencil: 0, acc: 0000, samples: 4/1
display  D   display_settings.c:517  _al_score_display_settings       [   0.21975] Score is : 717
display  D   display_settings.c:202  debug_display_settings           [   0.21977] color: 16 (rgba 5650), depth: 0, stencil: 0, acc: 0000, samples: 0/0
display  D   display_settings.c:517  _al_score_display_settings       [   0.21979] Score is : 897
display  D   display_settings.c:202  debug_display_settings           [   0.21981] color: 16 (rgba 5650), depth: 0, stencil: 0, acc: 0000, samples: 0/0
display  D   display_settings.c:517  _al_score_display_settings       [   0.21983] Score is : 897
display  D   display_settings.c:202  debug_display_settings           [   0.21984] color: 16 (rgba 5650), depth: 0, stencil: 0, acc: 0000, samples: 2/1
display  D   display_settings.c:517  _al_score_display_settings       [   0.21987] Score is : 726
display  D   display_settings.c:202  debug_display_settings           [   0.21988] color: 16 (rgba 5650), depth: 0, stencil: 0, acc: 0000, samples: 3/1
display  D   display_settings.c:517  _al_score_display_settings       [   0.21990] Score is : 721
display  D   display_settings.c:202  debug_display_settings           [   0.21992] color: 16 (rgba 5650), depth: 0, stencil: 0, acc: 0000, samples: 4/1
display  D   display_settings.c:517  _al_score_display_settings       [   0.21994] Score is : 717
display  D   display_settings.c:202  debug_display_settings           [   0.21996] color: 16 (rgba 5650), depth: 24, stencil: 8, acc: 0000, samples: 0/0
display  D   display_settings.c:517  _al_score_display_settings       [   0.21998] Score is : 897
display  D   display_settings.c:202  debug_display_settings           [   0.22000] color: 16 (rgba 5650), depth: 24, stencil: 8, acc: 0000, samples: 0/0
display  D   display_settings.c:517  _al_score_display_settings       [   0.22002] Score is : 897
display  D   display_settings.c:202  debug_display_settings           [   0.22004] color: 16 (rgba 5650), depth: 24, stencil: 8, acc: 0000, samples: 2/1
display  D   display_settings.c:517  _al_score_display_settings       [   0.22006] Score is : 726
display  D   display_settings.c:202  debug_display_settings           [   0.22008] color: 16 (rgba 5650), depth: 24, stencil: 8, acc: 0000, samples: 3/1
display  D   display_settings.c:517  _al_score_display_settings       [   0.22010] Score is : 721
display  D   display_settings.c:202  debug_display_settings           [   0.22012] color: 16 (rgba 5650), depth: 24, stencil: 8, acc: 0000, samples: 4/1
display  D   display_settings.c:517  _al_score_display_settings       [   0.22014] Score is : 717
display  D   display_settings.c:202  debug_display_settings           [   0.22016] color: 16 (rgba 5650), depth: 24, stencil: 0, acc: 0000, samples: 0/0
display  D   display_settings.c:517  _al_score_display_settings       [   0.22018] Score is : 897
display  D   display_settings.c:202  debug_display_settings           [   0.22019] color: 16 (rgba 5650), depth: 24, stencil: 0, acc: 0000, samples: 0/0
display  D   display_settings.c:517  _al_score_display_settings       [   0.22022] Score is : 897
display  D   display_settings.c:202  debug_display_settings           [   0.22023] color: 16 (rgba 5650), depth: 24, stencil: 0, acc: 0000, samples: 2/1
display  D   display_settings.c:517  _al_score_display_settings       [   0.22025] Score is : 726
display  D   display_settings.c:202  debug_display_settings           [   0.22027] color: 16 (rgba 5650), depth: 24, stencil: 0, acc: 0000, samples: 3/1
display  D   display_settings.c:517  _al_score_display_settings       [   0.22029] Score is : 721
display  D   display_settings.c:202  debug_display_settings           [   0.22031] color: 16 (rgba 5650), depth: 24, stencil: 0, acc: 0000, samples: 4/1
display  D   display_settings.c:517  _al_score_display_settings       [   0.22033] Score is : 717
display  D   display_settings.c:202  debug_display_settings           [   0.22035] color: 16 (rgba 5650), depth: 16, stencil: 0, acc: 0000, samples: 0/0
display  D   display_settings.c:517  _al_score_display_settings       [   0.22037] Score is : 897
display  D   display_settings.c:202  debug_display_settings           [   0.22039] color: 16 (rgba 5650), depth: 16, stencil: 0, acc: 0000, samples: 0/0
display  D   display_settings.c:517  _al_score_display_settings       [   0.22041] Score is : 897
display  D   display_settings.c:202  debug_display_settings           [   0.22042] color: 16 (rgba 5650), depth: 16, stencil: 0, acc: 0000, samples: 2/1
display  D   display_settings.c:517  _al_score_display_settings       [   0.22045] Score is : 726
display  D   display_settings.c:202  debug_display_settings           [   0.22046] color: 16 (rgba 5650), depth: 16, stencil: 0, acc: 0000, samples: 3/1
display  D   display_settings.c:517  _al_score_display_settings       [   0.22049] Score is : 721
display  D   display_settings.c:202  debug_display_settings           [   0.22050] color: 16 (rgba 5650), depth: 16, stencil: 0, acc: 0000, samples: 4/1
display  D   display_settings.c:517  _al_score_display_settings       [   0.22052] Score is : 717
display  D   display_settings.c:202  debug_display_settings           [   0.22054] color: 32 (rgba 8880), depth: 0, stencil: 0, acc: 0000, samples: 0/0
display  D   display_settings.c:388  _al_score_display_settings       [   0.22056] Single Buffer requirement not met.
display  D   display_settings.c:202  debug_display_settings           [   0.22058] color: 32 (rgba 8880), depth: 0, stencil: 0, acc: 0000, samples: 0/0
display  D   display_settings.c:388  _al_score_display_settings       [   0.22060] Single Buffer requirement not met.
display  D   display_settings.c:202  debug_display_settings           [   0.22062] color: 32 (rgba 8880), depth: 0, stencil: 0, acc: 0000, samples: 2/1
display  D   display_settings.c:388  _al_score_display_settings       [   0.22064] Single Buffer requirement not met.
display  D   display_settings.c:202  debug_display_settings           [   0.22066] color: 32 (rgba 8880), depth: 0, stencil: 0, acc: 0000, samples: 3/1
display  D   display_settings.c:388  _al_score_display_settings       [   0.22068] Single Buffer requirement not met.
display  D   display_settings.c:202  debug_display_settings           [   0.22070] color: 32 (rgba 8880), depth: 0, stencil: 0, acc: 0000, samples: 4/1
display  D   display_settings.c:388  _al_score_display_settings       [   0.22072] Single Buffer requirement not met.
display  D   display_settings.c:202  debug_display_settings           [   0.22074] color: 32 (rgba 8880), depth: 24, stencil: 8, acc: 0000, samples: 0/0
display  D   display_settings.c:388  _al_score_display_settings       [   0.22076] Single Buffer requirement not met.
display  D   display_settings.c:202  debug_display_settings           [   0.22078] color: 32 (rgba 8880), depth: 24, stencil: 8, acc: 0000, samples: 0/0
display  D   display_settings.c:388  _al_score_display_settings       [   0.22080] Single Buffer requirement not met.
display  D   display_settings.c:202  debug_display_settings           [   0.22082] color: 32 (rgba 8880), depth: 24, stencil: 8, acc: 0000, samples: 2/1
display  D   display_settings.c:388  _al_score_display_settings       [   0.22084] Single Buffer requirement not met.
display  D   display_settings.c:202  debug_display_settings           [   0.22086] color: 32 (rgba 8880), depth: 24, stencil: 8, acc: 0000, samples: 3/1
display  D   display_settings.c:388  _al_score_display_settings       [   0.22088] Single Buffer requirement not met.
display  D   display_settings.c:202  debug_display_settings           [   0.22090] color: 32 (rgba 8880), depth: 24, stencil: 8, acc: 0000, samples: 4/1
display  D   display_settings.c:388  _al_score_display_settings       [   0.22092] Single Buffer requirement not met.
display  D   display_settings.c:202  debug_display_settings           [   0.22094] color: 32 (rgba 8880), depth: 24, stencil: 0, acc: 0000, samples: 0/0
display  D   display_settings.c:388  _al_score_display_settings       [   0.22096] Single Buffer requirement not met.
display  D   display_settings.c:202  debug_display_settings           [   0.22098] color: 32 (rgba 8880), depth: 24, stencil: 0, acc: 0000, samples: 0/0
display  D   display_settings.c:388  _al_score_display_settings       [   0.22100] Single Buffer requirement not met.
display  D   display_settings.c:202  debug_display_settings           [   0.22102] color: 32 (rgba 8880), depth: 24, stencil: 0, acc: 0000, samples: 2/1
display  D   display_settings.c:388  _al_score_display_settings       [   0.22104] Single Buffer requirement not met.
display  D   display_settings.c:202  debug_display_settings           [   0.22106] color: 32 (rgba 8880), depth: 24, stencil: 0, acc: 0000, samples: 3/1
display  D   display_settings.c:388  _al_score_display_settings       [   0.22108] Single Buffer requirement not met.
display  D   display_settings.c:202  debug_display_settings           [   0.22110] color: 32 (rgba 8880), depth: 24, stencil: 0, acc: 0000, samples: 4/1
display  D   display_settings.c:388  _al_score_display_settings       [   0.22112] Single Buffer requirement not met.
display  D   display_settings.c:202  debug_display_settings           [   0.22114] color: 32 (rgba 8880), depth: 16, stencil: 0, acc: 0000, samples: 0/0
display  D   display_settings.c:388  _al_score_display_settings       [   0.22116] Single Buffer requirement not met.
display  D   display_settings.c:202  debug_display_settings           [   0.22118] color: 32 (rgba 8880), depth: 16, stencil: 0, acc: 0000, samples: 0/0
display  D   display_settings.c:388  _al_score_display_settings       [   0.22120] Single Buffer requirement not met.
display  D   display_settings.c:202  debug_display_settings           [   0.22122] color: 32 (rgba 8880), depth: 16, stencil: 0, acc: 0000, samples: 2/1
display  D   display_settings.c:388  _al_score_display_settings       [   0.22124] Single Buffer requirement not met.
display  D   display_settings.c:202  debug_display_settings           [   0.22126] color: 32 (rgba 8880), depth: 16, stencil: 0, acc: 0000, samples: 3/1
display  D   display_settings.c:388  _al_score_display_settings       [   0.22131] Single Buffer requirement not met.
display  D   display_settings.c:202  debug_display_settings           [   0.22133] color: 32 (rgba 8880), depth: 16, stencil: 0, acc: 0000, samples: 4/1
display  D   display_settings.c:388  _al_score_display_settings       [   0.22135] Single Buffer requirement not met.
display  D   display_settings.c:202  debug_display_settings           [   0.22137] color: 16 (rgba 5650), depth: 0, stencil: 0, acc: 0000, samples: 0/0
display  D   display_settings.c:388  _al_score_display_settings       [   0.22139] Single Buffer requirement not met.
display  D   display_settings.c:202  debug_display_settings           [   0.22141] color: 16 (rgba 5650), depth: 0, stencil: 0, acc: 0000, samples: 0/0
display  D   display_settings.c:388  _al_score_display_settings       [   0.22143] Single Buffer requirement not met.
display  D   display_settings.c:202  debug_display_settings           [   0.22145] color: 16 (rgba 5650), depth: 0, stencil: 0, acc: 0000, samples: 2/1
display  D   display_settings.c:388  _al_score_display_settings       [   0.22147] Single Buffer requirement not met.
display  D   display_settings.c:202  debug_display_settings           [   0.22149] color: 16 (rgba 5650), depth: 0, stencil: 0, acc: 0000, samples: 3/1
display  D   display_settings.c:388  _al_score_display_settings       [   0.22151] Single Buffer requirement not met.
display  D   display_settings.c:202  debug_display_settings           [   0.22153] color: 16 (rgba 5650), depth: 0, stencil: 0, acc: 0000, samples: 4/1
display  D   display_settings.c:388  _al_score_display_settings       [   0.22155] Single Buffer requirement not met.
display  D   display_settings.c:202  debug_display_settings           [   0.22157] color: 16 (rgba 5650), depth: 24, stencil: 8, acc: 0000, samples: 0/0
display  D   display_settings.c:388  _al_score_display_settings       [   0.22159] Single Buffer requirement not met.
display  D   display_settings.c:202  debug_display_settings           [   0.22161] color: 16 (rgba 5650), depth: 24, stencil: 8, acc: 0000, samples: 0/0
display  D   display_settings.c:388  _al_score_display_settings       [   0.22163] Single Buffer requirement not met.
display  D   display_settings.c:202  debug_display_settings           [   0.22165] color: 16 (rgba 5650), depth: 24, stencil: 8, acc: 0000, samples: 2/1
display  D   display_settings.c:388  _al_score_display_settings       [   0.22167] Single Buffer requirement not met.
display  D   display_settings.c:202  debug_display_settings           [   0.22169] color: 16 (rgba 5650), depth: 24, stencil: 8, acc: 0000, samples: 3/1
display  D   display_settings.c:388  _al_score_display_settings       [   0.22171] Single Buffer requirement not met.
display  D   display_settings.c:202  debug_display_settings           [   0.22173] color: 16 (rgba 5650), depth: 24, stencil: 8, acc: 0000, samples: 4/1
display  D   display_settings.c:388  _al_score_display_settings       [   0.22175] Single Buffer requirement not met.
display  D   display_settings.c:202  debug_display_settings           [   0.22177] color: 16 (rgba 5650), depth: 24, stencil: 0, acc: 0000, samples: 0/0
display  D   display_settings.c:388  _al_score_display_settings       [   0.22179] Single Buffer requirement not met.
display  D   display_settings.c:202  debug_display_settings           [   0.22181] color: 16 (rgba 5650), depth: 24, stencil: 0, acc: 0000, samples: 0/0
display  D   display_settings.c:388  _al_score_display_settings       [   0.22183] Single Buffer requirement not met.
display  D   display_settings.c:202  debug_display_settings           [   0.22185] color: 16 (rgba 5650), depth: 24, stencil: 0, acc: 0000, samples: 2/1
display  D   display_settings.c:388  _al_score_display_settings       [   0.22187] Single Buffer requirement not met.
display  D   display_settings.c:202  debug_display_settings           [   0.22189] color: 16 (rgba 5650), depth: 24, stencil: 0, acc: 0000, samples: 3/1
display  D   display_settings.c:388  _al_score_display_settings       [   0.22191] Single Buffer requirement not met.
display  D   display_settings.c:202  debug_display_settings           [   0.22193] color: 16 (rgba 5650), depth: 24, stencil: 0, acc: 0000, samples: 4/1
display  D   display_settings.c:388  _al_score_display_settings       [   0.22195] Single Buffer requirement not met.
display  D   display_settings.c:202  debug_display_settings           [   0.22197] color: 16 (rgba 5650), depth: 16, stencil: 0, acc: 0000, samples: 0/0
display  D   display_settings.c:388  _al_score_display_settings       [   0.22199] Single Buffer requirement not met.
display  D   display_settings.c:202  debug_display_settings           [   0.22201] color: 16 (rgba 5650), depth: 16, stencil: 0, acc: 0000, samples: 0/0
display  D   display_settings.c:388  _al_score_display_settings       [   0.22203] Single Buffer requirement not met.
display  D   display_settings.c:202  debug_display_settings           [   0.22205] color: 16 (rgba 5650), depth: 16, stencil: 0, acc: 0000, samples: 2/1
display  D   display_settings.c:388  _al_score_display_settings       [   0.22208] Single Buffer requirement not met.
display  D   display_settings.c:202  debug_display_settings           [   0.22209] color: 16 (rgba 5650), depth: 16, stencil: 0, acc: 0000, samples: 3/1
display  D   display_settings.c:388  _al_score_display_settings       [   0.22212] Single Buffer requirement not met.
display  D   display_settings.c:202  debug_display_settings           [   0.22213] color: 16 (rgba 5650), depth: 16, stencil: 0, acc: 0000, samples: 4/1
display  D   display_settings.c:388  _al_score_display_settings       [   0.22216] Single Buffer requirement not met.
display  D   display_settings.c:202  debug_display_settings           [   0.22217] color: 32 (rgba 8880), depth: 0, stencil: 0, acc: 0000, samples: 0/0
display  D   display_settings.c:517  _al_score_display_settings       [   0.22220] Score is : 769
display  D   display_settings.c:202  debug_display_settings           [   0.22221] color: 32 (rgba 8880), depth: 0, stencil: 0, acc: 0000, samples: 0/0
display  D   display_settings.c:517  _al_score_display_settings       [   0.22223] Score is : 769
display  D   display_settings.c:202  debug_display_settings           [   0.22225] color: 32 (rgba 8880), depth: 0, stencil: 0, acc: 0000, samples: 2/1
display  D   display_settings.c:517  _al_score_display_settings       [   0.22227] Score is : 598
display  D   display_settings.c:202  debug_display_settings           [   0.22229] color: 32 (rgba 8880), depth: 0, stencil: 0, acc: 0000, samples: 3/1
display  D   display_settings.c:517  _al_score_display_settings       [   0.22231] Score is : 593
display  D   display_settings.c:202  debug_display_settings           [   0.22233] color: 32 (rgba 8880), depth: 0, stencil: 0, acc: 0000, samples: 4/1
display  D   display_settings.c:517  _al_score_display_settings       [   0.22235] Score is : 589
display  D   display_settings.c:202  debug_display_settings           [   0.22237] color: 32 (rgba 8880), depth: 24, stencil: 8, acc: 0000, samples: 0/0
display  D   display_settings.c:517  _al_score_display_settings       [   0.22239] Score is : 769
display  D   display_settings.c:202  debug_display_settings           [   0.22240] color: 32 (rgba 8880), depth: 24, stencil: 8, acc: 0000, samples: 0/0
display  D   display_settings.c:517  _al_score_display_settings       [   0.22243] Score is : 769
display  D   display_settings.c:202  debug_display_settings           [   0.22244] color: 32 (rgba 8880), depth: 24, stencil: 8, acc: 0000, samples: 2/1
display  D   display_settings.c:517  _al_score_display_settings       [   0.22247] Score is : 598
display  D   display_settings.c:202  debug_display_settings           [   0.22248] color: 32 (rgba 8880), depth: 24, stencil: 8, acc: 0000, samples: 3/1
display  D   display_settings.c:517  _al_score_display_settings       [   0.22250] Score is : 593
display  D   display_settings.c:202  debug_display_settings           [   0.22253] color: 32 (rgba 8880), depth: 24, stencil: 8, acc: 0000, samples: 4/1
display  D   display_settings.c:517  _al_score_display_settings       [   0.22255] Score is : 589
display  D   display_settings.c:202  debug_display_settings           [   0.22257] color: 32 (rgba 8880), depth: 24, stencil: 0, acc: 0000, samples: 0/0
display  D   display_settings.c:517  _al_score_display_settings       [   0.22259] Score is : 769
display  D   display_settings.c:202  debug_display_settings           [   0.22260] color: 32 (rgba 8880), depth: 24, stencil: 0, acc: 0000, samples: 0/0
display  D   display_settings.c:517  _al_score_display_settings       [   0.22268] Score is : 769
display  D   display_settings.c:202  debug_display_settings           [   0.22273] color: 32 (rgba 8880), depth: 24, stencil: 0, acc: 0000, samples: 2/1
display  D   display_settings.c:517  _al_score_display_settings       [   0.22279] Score is : 598
display  D   display_settings.c:202  debug_display_settings           [   0.22282] color: 32 (rgba 8880), depth: 24, stencil: 0, acc: 0000, samples: 3/1
display  D   display_settings.c:517  _al_score_display_settings       [   0.22285] Score is : 593
display  D   display_settings.c:202  debug_display_settings           [   0.22287] color: 32 (rgba 8880), depth: 24, stencil: 0, acc: 0000, samples: 4/1
display  D   display_settings.c:517  _al_score_display_settings       [   0.22292] Score is : 589
display  D   display_settings.c:202  debug_display_settings           [   0.22296] color: 32 (rgba 8880), depth: 16, stencil: 0, acc: 0000, samples: 0/0
display  D   display_settings.c:517  _al_score_display_settings       [   0.22299] Score is : 769
display  D   display_settings.c:202  debug_display_settings           [   0.22304] color: 32 (rgba 8880), depth: 16, stencil: 0, acc: 0000, samples: 0/0
display  D   display_settings.c:517  _al_score_display_settings       [   0.22308] Score is : 769
display  D   display_settings.c:202  debug_display_settings           [   0.22309] color: 32 (rgba 8880), depth: 16, stencil: 0, acc: 0000, samples: 2/1
display  D   display_settings.c:517  _al_score_display_settings       [   0.22313] Score is : 598
display  D   display_settings.c:202  debug_display_settings           [   0.22316] color: 32 (rgba 8880), depth: 16, stencil: 0, acc: 0000, samples: 3/1
display  D   display_settings.c:517  _al_score_display_settings       [   0.22318] Score is : 593
display  D   display_settings.c:202  debug_display_settings           [   0.22320] color: 32 (rgba 8880), depth: 16, stencil: 0, acc: 0000, samples: 4/1
display  D   display_settings.c:517  _al_score_display_settings       [   0.22324] Score is : 589
display  D   display_settings.c:202  debug_display_settings           [   0.22325] color: 16 (rgba 5650), depth: 0, stencil: 0, acc: 0000, samples: 0/0
display  D   display_settings.c:517  _al_score_display_settings       [   0.22327] Score is : 769
display  D   display_settings.c:202  debug_display_settings           [   0.22331] color: 16 (rgba 5650), depth: 0, stencil: 0, acc: 0000, samples: 0/0
display  D   display_settings.c:517  _al_score_display_settings       [   0.22335] Score is : 769
display  D   display_settings.c:202  debug_display_settings           [   0.22336] color: 16 (rgba 5650), depth: 0, stencil: 0, acc: 0000, samples: 2/1
display  D   display_settings.c:517  _al_score_display_settings       [   0.22340] Score is : 598
display  D   display_settings.c:202  debug_display_settings           [   0.22341] color: 16 (rgba 5650), depth: 0, stencil: 0, acc: 0000, samples: 3/1
display  D   display_settings.c:517  _al_score_display_settings       [   0.22344] Score is : 593
display  D   display_settings.c:202  debug_display_settings           [   0.22346] color: 16 (rgba 5650), depth: 0, stencil: 0, acc: 0000, samples: 4/1
display  D   display_settings.c:517  _al_score_display_settings       [   0.22349] Score is : 589
display  D   display_settings.c:202  debug_display_settings           [   0.22352] color: 16 (rgba 5650), depth: 24, stencil: 8, acc: 0000, samples: 0/0
display  D   display_settings.c:517  _al_score_display_settings       [   0.22357] Score is : 769
display  D   display_settings.c:202  debug_display_settings           [   0.22360] color: 16 (rgba 5650), depth: 24, stencil: 8, acc: 0000, samples: 0/0
display  D   display_settings.c:517  _al_score_display_settings       [   0.22364] Score is : 769
display  D   display_settings.c:202  debug_display_settings           [   0.22366] color: 16 (rgba 5650), depth: 24, stencil: 8, acc: 0000, samples: 2/1
display  D   display_settings.c:517  _al_score_display_settings       [   0.22368] Score is : 598
display  D   display_settings.c:202  debug_display_settings           [   0.22370] color: 16 (rgba 5650), depth: 24, stencil: 8, acc: 0000, samples: 3/1
display  D   display_settings.c:517  _al_score_display_settings       [   0.22372] Score is : 593
display  D   display_settings.c:202  debug_display_settings           [   0.22374] color: 16 (rgba 5650), depth: 24, stencil: 8, acc: 0000, samples: 4/1
display  D   display_settings.c:517  _al_score_display_settings       [   0.22376] Score is : 589
display  D   display_settings.c:202  debug_display_settings           [   0.22377] color: 16 (rgba 5650), depth: 24, stencil: 0, acc: 0000, samples: 0/0
display  D   display_settings.c:517  _al_score_display_settings       [   0.22379] Score is : 769
display  D   display_settings.c:202  debug_display_settings           [   0.22381] color: 16 (rgba 5650), depth: 24, stencil: 0, acc: 0000, samples: 0/0
display  D   display_settings.c:517  _al_score_display_settings       [   0.22383] Score is : 769
display  D   display_settings.c:202  debug_display_settings           [   0.22384] color: 16 (rgba 5650), depth: 24, stencil: 0, acc: 0000, samples: 2/1
display  D   display_settings.c:517  _al_score_display_settings       [   0.22386] Score is : 598
display  D   display_settings.c:202  debug_display_settings           [   0.22387] color: 16 (rgba 5650), depth: 24, stencil: 0, acc: 0000, samples: 3/1
display  D   display_settings.c:517  _al_score_display_settings       [   0.22389] Score is : 593
display  D   display_settings.c:202  debug_display_settings           [   0.22391] color: 16 (rgba 5650), depth: 24, stencil: 0, acc: 0000, samples: 4/1
display  D   display_settings.c:517  _al_score_display_settings       [   0.22393] Score is : 589
display  D   display_settings.c:202  debug_display_settings           [   0.22394] color: 16 (rgba 5650), depth: 16, stencil: 0, acc: 0000, samples: 0/0
display  D   display_settings.c:517  _al_score_display_settings       [   0.22396] Score is : 769
display  D   display_settings.c:202  debug_display_settings           [   0.22398] color: 16 (rgba 5650), depth: 16, stencil: 0, acc: 0000, samples: 0/0
display  D   display_settings.c:517  _al_score_display_settings       [   0.22400] Score is : 769
display  D   display_settings.c:202  debug_display_settings           [   0.22401] color: 16 (rgba 5650), depth: 16, stencil: 0, acc: 0000, samples: 2/1
display  D   display_settings.c:517  _al_score_display_settings       [   0.22403] Score is : 598
display  D   display_settings.c:202  debug_display_settings           [   0.22405] color: 16 (rgba 5650), depth: 16, stencil: 0, acc: 0000, samples: 3/1
display  D   display_settings.c:517  _al_score_display_settings       [   0.22407] Score is : 593
display  D   display_settings.c:202  debug_display_settings           [   0.22408] color: 16 (rgba 5650), depth: 16, stencil: 0, acc: 0000, samples: 4/1
display  D   display_settings.c:517  _al_score_display_settings       [   0.22410] Score is : 589
display  D   display_settings.c:202  debug_display_settings           [   0.22411] color: 32 (rgba 8880), depth: 0, stencil: 0, acc: 0000, samples: 0/0
display  D   display_settings.c:388  _al_score_display_settings       [   0.22413] Single Buffer requirement not met.
display  D   display_settings.c:202  debug_display_settings           [   0.22415] color: 32 (rgba 8880), depth: 0, stencil: 0, acc: 0000, samples: 0/0
display  D   display_settings.c:388  _al_score_display_settings       [   0.22420] Single Buffer requirement not met.
display  D   display_settings.c:202  debug_display_settings           [   0.22423] color: 32 (rgba 8880), depth: 0, stencil: 0, acc: 0000, samples: 2/1
display  D   display_settings.c:388  _al_score_display_settings       [   0.22425] Single Buffer requirement not met.
display  D   display_settings.c:202  debug_display_settings           [   0.22427] color: 32 (rgba 8880), depth: 0, stencil: 0, acc: 0000, samples: 3/1
display  D   display_settings.c:388  _al_score_display_settings       [   0.22429] Single Buffer requirement not met.
display  D   display_settings.c:202  debug_display_settings           [   0.22431] color: 32 (rgba 8880), depth: 0, stencil: 0, acc: 0000, samples: 4/1
display  D   display_settings.c:388  _al_score_display_settings       [   0.22433] Single Buffer requirement not met.
display  D   display_settings.c:202  debug_display_settings           [   0.22435] color: 32 (rgba 8880), depth: 24, stencil: 8, acc: 0000, samples: 0/0
display  D   display_settings.c:388  _al_score_display_settings       [   0.22437] Single Buffer requirement not met.
display  D   display_settings.c:202  debug_display_settings           [   0.22439] color: 32 (rgba 8880), depth: 24, stencil: 8, acc: 0000, samples: 0/0
display  D   display_settings.c:388  _al_score_display_settings       [   0.22441] Single Buffer requirement not met.
display  D   display_settings.c:202  debug_display_settings           [   0.22443] color: 32 (rgba 8880), depth: 24, stencil: 8, acc: 0000, samples: 2/1
display  D   display_settings.c:388  _al_score_display_settings       [   0.22445] Single Buffer requirement not met.
display  D   display_settings.c:202  debug_display_settings           [   0.22447] color: 32 (rgba 8880), depth: 24, stencil: 8, acc: 0000, samples: 3/1
display  D   display_settings.c:388  _al_score_display_settings       [   0.22449] Single Buffer requirement not met.
display  D   display_settings.c:202  debug_display_settings           [   0.22451] color: 32 (rgba 8880), depth: 24, stencil: 8, acc: 0000, samples: 4/1
display  D   display_settings.c:388  _al_score_display_settings       [   0.22454] Single Buffer requirement not met.
display  D   display_settings.c:202  debug_display_settings           [   0.22455] color: 32 (rgba 8880), depth: 24, stencil: 0, acc: 0000, samples: 0/0
display  D   display_settings.c:388  _al_score_display_settings       [   0.22459] Single Buffer requirement not met.
display  D   display_settings.c:202  debug_display_settings           [   0.22461] color: 32 (rgba 8880), depth: 24, stencil: 0, acc: 0000, samples: 0/0
display  D   display_settings.c:388  _al_score_display_settings       [   0.22463] Single Buffer requirement not met.
display  D   display_settings.c:202  debug_display_settings           [   0.22466] color: 32 (rgba 8880), depth: 24, stencil: 0, acc: 0000, samples: 2/1
display  D   display_settings.c:388  _al_score_display_settings       [   0.22468] Single Buffer requirement not met.
display  D   display_settings.c:202  debug_display_settings           [   0.22470] color: 32 (rgba 8880), depth: 24, stencil: 0, acc: 0000, samples: 3/1
display  D   display_settings.c:388  _al_score_display_settings       [   0.22472] Single Buffer requirement not met.
display  D   display_settings.c:202  debug_display_settings           [   0.22474] color: 32 (rgba 8880), depth: 24, stencil: 0, acc: 0000, samples: 4/1
display  D   display_settings.c:388  _al_score_display_settings       [   0.22476] Single Buffer requirement not met.
display  D   display_settings.c:202  debug_display_settings           [   0.22478] color: 32 (rgba 8880), depth: 16, stencil: 0, acc: 0000, samples: 0/0
display  D   display_settings.c:388  _al_score_display_settings       [   0.22480] Single Buffer requirement not met.
display  D   display_settings.c:202  debug_display_settings           [   0.22482] color: 32 (rgba 8880), depth: 16, stencil: 0, acc: 0000, samples: 0/0
display  D   display_settings.c:388  _al_score_display_settings       [   0.22484] Single Buffer requirement not met.
display  D   display_settings.c:202  debug_display_settings           [   0.22486] color: 32 (rgba 8880), depth: 16, stencil: 0, acc: 0000, samples: 2/1
display  D   display_settings.c:388  _al_score_display_settings       [   0.22488] Single Buffer requirement not met.
display  D   display_settings.c:202  debug_display_settings           [   0.22490] color: 32 (rgba 8880), depth: 16, stencil: 0, acc: 0000, samples: 3/1
display  D   display_settings.c:388  _al_score_display_settings       [   0.22492] Single Buffer requirement not met.
display  D   display_settings.c:202  debug_display_settings           [   0.22494] color: 32 (rgba 8880), depth: 16, stencil: 0, acc: 0000, samples: 4/1
display  D   display_settings.c:388  _al_score_display_settings       [   0.22496] Single Buffer requirement not met.
display  D   display_settings.c:202  debug_display_settings           [   0.22498] color: 16 (rgba 5650), depth: 0, stencil: 0, acc: 0000, samples: 0/0
display  D   display_settings.c:388  _al_score_display_settings       [   0.22500] Single Buffer requirement not met.
display  D   display_settings.c:202  debug_display_settings           [   0.22502] color: 16 (rgba 5650), depth: 0, stencil: 0, acc: 0000, samples: 0/0
display  D   display_settings.c:388  _al_score_display_settings       [   0.22504] Single Buffer requirement not met.
display  D   display_settings.c:202  debug_display_settings           [   0.22506] color: 16 (rgba 5650), depth: 0, stencil: 0, acc: 0000, samples: 2/1
display  D   display_settings.c:388  _al_score_display_settings       [   0.22508] Single Buffer requirement not met.
display  D   display_settings.c:202  debug_display_settings           [   0.22510] color: 16 (rgba 5650), depth: 0, stencil: 0, acc: 0000, samples: 3/1
display  D   display_settings.c:388  _al_score_display_settings       [   0.22512] Single Buffer requirement not met.
display  D   display_settings.c:202  debug_display_settings           [   0.22514] color: 16 (rgba 5650), depth: 0, stencil: 0, acc: 0000, samples: 4/1
display  D   display_settings.c:388  _al_score_display_settings       [   0.22516] Single Buffer requirement not met.
display  D   display_settings.c:202  debug_display_settings           [   0.22518] color: 16 (rgba 5650), depth: 24, stencil: 8, acc: 0000, samples: 0/0
display  D   display_settings.c:388  _al_score_display_settings       [   0.22520] Single Buffer requirement not met.
display  D   display_settings.c:202  debug_display_settings           [   0.22522] color: 16 (rgba 5650), depth: 24, stencil: 8, acc: 0000, samples: 0/0
display  D   display_settings.c:388  _al_score_display_settings       [   0.22524] Single Buffer requirement not met.
display  D   display_settings.c:202  debug_display_settings           [   0.22526] color: 16 (rgba 5650), depth: 24, stencil: 8, acc: 0000, samples: 2/1
display  D   display_settings.c:388  _al_score_display_settings       [   0.22528] Single Buffer requirement not met.
display  D   display_settings.c:202  debug_display_settings           [   0.22530] color: 16 (rgba 5650), depth: 24, stencil: 8, acc: 0000, samples: 3/1
display  D   display_settings.c:388  _al_score_display_settings       [   0.22532] Single Buffer requirement not met.
display  D   display_settings.c:202  debug_display_settings           [   0.22534] color: 16 (rgba 5650), depth: 24, stencil: 8, acc: 0000, samples: 4/1
display  D   display_settings.c:388  _al_score_display_settings       [   0.22536] Single Buffer requirement not met.
display  D   display_settings.c:202  debug_display_settings           [   0.22538] color: 16 (rgba 5650), depth: 24, stencil: 0, acc: 0000, samples: 0/0
display  D   display_settings.c:388  _al_score_display_settings       [   0.22540] Single Buffer requirement not met.
display  D   display_settings.c:202  debug_display_settings           [   0.22542] color: 16 (rgba 5650), depth: 24, stencil: 0, acc: 0000, samples: 0/0
display  D   display_settings.c:388  _al_score_display_settings       [   0.22544] Single Buffer requirement not met.
display  D   display_settings.c:202  debug_display_settings           [   0.22546] color: 16 (rgba 5650), depth: 24, stencil: 0, acc: 0000, samples: 2/1
display  D   display_settings.c:388  _al_score_display_settings       [   0.22549] Single Buffer requirement not met.
display  D   display_settings.c:202  debug_display_settings           [   0.22550] color: 16 (rgba 5650), depth: 24, stencil: 0, acc: 0000, samples: 3/1
display  D   display_settings.c:388  _al_score_display_settings       [   0.22553] Single Buffer requirement not met.
display  D   display_settings.c:202  debug_display_settings           [   0.22554] color: 16 (rgba 5650), depth: 24, stencil: 0, acc: 0000, samples: 4/1
display  D   display_settings.c:388  _al_score_display_settings       [   0.22557] Single Buffer requirement not met.
display  D   display_settings.c:202  debug_display_settings           [   0.22558] color: 16 (rgba 5650), depth: 16, stencil: 0, acc: 0000, samples: 0/0
display  D   display_settings.c:388  _al_score_display_settings       [   0.22562] Single Buffer requirement not met.
display  D   display_settings.c:202  debug_display_settings           [   0.22564] color: 16 (rgba 5650), depth: 16, stencil: 0, acc: 0000, samples: 0/0
display  D   display_settings.c:388  _al_score_display_settings       [   0.22567] Single Buffer requirement not met.
display  D   display_settings.c:202  debug_display_settings           [   0.22568] color: 16 (rgba 5650), depth: 16, stencil: 0, acc: 0000, samples: 2/1
display  D   display_settings.c:388  _al_score_display_settings       [   0.22571] Single Buffer requirement not met.
display  D   display_settings.c:202  debug_display_settings           [   0.22572] color: 16 (rgba 5650), depth: 16, stencil: 0, acc: 0000, samples: 3/1
display  D   display_settings.c:388  _al_score_display_settings       [   0.22575] Single Buffer requirement not met.
display  D   display_settings.c:202  debug_display_settings           [   0.22576] color: 16 (rgba 5650), depth: 16, stencil: 0, acc: 0000, samples: 4/1
display  D   display_settings.c:388  _al_score_display_settings       [   0.22579] Single Buffer requirement not met.
d3d      D         d3d_disp.cpp:1670 d3d_create_display_internals     [   0.22583] Trying format 0.
d3d      I         d3d_disp.cpp:1346 d3d_display_thread_proc          [   0.22622] Chose a display format: 23
d3d      I         d3d_disp.cpp:1415 d3d_display_thread_proc          [   0.22625] Normal window.
d3d      I         d3d_disp.cpp:779  d3d_create_device                [   0.42034] Using no depth stencil buffer
d3d      D         d3d_disp.cpp:837  d3d_create_device                [   0.54426] BeginScene succeeded in create_device
d3d      D         d3d_disp.cpp:845  d3d_create_device                [   0.54431] Success
d3d      D         d3d_disp.cpp:1693 d3d_create_display_internals     [   0.54434] Resumed after wait.
d3d      I         d3d_disp.cpp:1726 d3d_create_display_internals     [   0.54441] Format 0 succeeded.
d3d      D         d3d_disp.cpp:1757 d3d_create_display_internals     [   0.54447] Returning d3d_display: 0018CA30
d3d      D         d3d_disp.cpp:1782 d3d_create_display_locked        [   0.54450] al_display=0018CA30
d3d      D         d3d_disp.cpp:1783 d3d_create_display_locked        [   0.54452] al_display->vt=00176048
system   D            wsystem.c:674  maybe_parent_dir                 [   0.54532] Also searching C:\Users\gsvil\Documents\ProgramacionDeGraficos1TP3\TP3\binaries\Win32\
system   D            wsystem.c:724  _al_win_safe_load_library        [   0.54559] PathFindOnPath found: C:\WINDOWS\system32\d3dx9_43.dll
system   D            wsystem.c:635  load_library_at_path             [   0.54562] Calling LoadLibrary C:\WINDOWS\system32\d3dx9_43.dll
system   I            wsystem.c:638  load_library_at_path             [   0.55898] Loaded C:\WINDOWS\system32\d3dx9_43.dll
d3dx9    I        d3d_d3dx9.cpp:88   _imp_load_d3dx9_module_version   [   0.55906] Module "d3dx9_43.dll" loaded.
audio-dsound D           dsound.cpp:258  _dsound_open                     [   0.56009] Loading DirectSound module
system   D            wsystem.c:674  maybe_parent_dir                 [   0.56078] Also searching C:\Users\gsvil\Documents\ProgramacionDeGraficos1TP3\TP3\binaries\Win32\
system   D            wsystem.c:724  _al_win_safe_load_library        [   0.56107] PathFindOnPath found: C:\WINDOWS\system32\dsound.dll
system   D            wsystem.c:635  load_library_at_path             [   0.56110] Calling LoadLibrary C:\WINDOWS\system32\dsound.dll
system   I            wsystem.c:638  load_library_at_path             [   0.57830] Loaded C:\WINDOWS\system32\dsound.dll
audio-dsound I           dsound.cpp:275  _dsound_open                     [   0.57836] Starting DirectSound...
audio-dsound D           dsound.cpp:285  _dsound_open                     [   0.72581] DirectSoundCreate8 succeeded
audio    I              audio.c:347  do_install_audio                 [   0.72906] Using DirectSound driver
audio-dsound D           dsound.cpp:320  _dsound_allocate_voice           [   0.72925] Allocating voice
audio-dsound D           dsound.cpp:379  _dsound_allocate_voice           [   0.72928] Allocated voice
dtor     D               dtor.c:184  _al_register_destructor          [   0.72932] added dtor for object 00176A10, func 57BE1177
dtor     D               dtor.c:184  _al_register_destructor          [   0.72937] added dtor for object 044AD890, func 57BE11F4
audio-dsound D           dsound.cpp:476  _dsound_start_voice              [   0.72941] Starting voice
audio-dsound D           dsound.cpp:504  _dsound_start_voice              [   0.72944] CreateSoundBuffer
audio-dsound D           dsound.cpp:513  _dsound_start_voice              [   0.73188] CreateSoundBuffer succeeded
audio-dsound D           dsound.cpp:519  _dsound_start_voice              [   0.73195] Starting _dsound_update thread
audio-dsound I           dsound.cpp:529  _dsound_start_voice              [   0.73210] Voice started
dtor     D               dtor.c:184  _al_register_destructor          [   0.73217] added dtor for object 044B5F30, func 57BE14B0
audio    D          kcm_mixer.c:121  _al_rechannel_matrix             [   0.73222] sample matrix:
audio    D          kcm_mixer.c:127  _al_rechannel_matrix             [   0.73224] 
audio    D          kcm_mixer.c:127  _al_rechannel_matrix             [   0.73226] 
font     D                ttf.c:847  al_load_ttf_font_stretch_f       [   0.73302] Font assets/arial_narrow_7.ttf loaded with pixel size 0 x 32.
font     D                ttf.c:849  al_load_ttf_font_stretch_f       [   0.73305]     ascent=22.0, descent=-6.0, height=32.0
dtor     D               dtor.c:184  _al_register_destructor          [   0.73310] added dtor for object 001A83C8, func 6AA01055
font     D                ttf.c:847  al_load_ttf_font_stretch_f       [   0.73371] Font assets/arial_narrow_7.ttf loaded with pixel size 0 x 32.
font     D                ttf.c:849  al_load_ttf_font_stretch_f       [   0.73373]     ascent=22.0, descent=-6.0, height=32.0
dtor     D               dtor.c:184  _al_register_destructor          [   0.73378] added dtor for object 044D0200, func 6AA01055
d3d      D         d3d_disp.cpp:1186 real_choose_bitmap_format        [   0.73418] Fake format
d3d      D         d3d_disp.cpp:1186 real_choose_bitmap_format        [   0.73420] Fake format
d3d      D         d3d_disp.cpp:1186 real_choose_bitmap_format        [   0.73422] Fake format
d3d      D         d3d_disp.cpp:1186 real_choose_bitmap_format        [   0.73424] Fake format
d3d      D         d3d_disp.cpp:1186 real_choose_bitmap_format        [   0.73425] Fake format
d3d      D         d3d_disp.cpp:1186 real_choose_bitmap_format        [   0.73427] Fake format
d3d      D         d3d_disp.cpp:1186 real_choose_bitmap_format        [   0.73428] Fake format
d3d      D         d3d_disp.cpp:1186 real_choose_bitmap_format        [   0.73430] Fake format
d3d      D         d3d_disp.cpp:1186 real_choose_bitmap_format        [   0.73432] Fake format
d3d      D         d3d_disp.cpp:1194 real_choose_bitmap_format        [   0.73433] Alpha doesn't match
d3d      D         d3d_disp.cpp:1201 real_choose_bitmap_format        [   0.73435] Adapter format is 23
d3d      D         d3d_disp.cpp:1204 real_choose_bitmap_format        [   0.73437] Found a format
d3d      I         d3d_disp.cpp:2381 d3d_create_bitmap                [   0.73438] Chose bitmap format 9
dtor     D               dtor.c:184  _al_register_destructor          [   0.73497] added dtor for object 044D5810, func 0F6721E9
d3d      D          d3d_bmp.cpp:539  _al_d3d_sync_bitmap              [   0.73509] _al_d3d_sync_bitmap (system) ref count == 1
d3d      D          d3d_bmp.cpp:545  _al_d3d_sync_bitmap              [   0.73513] _al_d3d_sync_bitmap (video) ref count == 1
d3d      D         d3d_disp.cpp:1186 real_choose_bitmap_format        [   0.73628] Fake format
d3d      D         d3d_disp.cpp:1186 real_choose_bitmap_format        [   0.73631] Fake format
d3d      D         d3d_disp.cpp:1186 real_choose_bitmap_format        [   0.73632] Fake format
d3d      D         d3d_disp.cpp:1186 real_choose_bitmap_format        [   0.73634] Fake format
d3d      D         d3d_disp.cpp:1186 real_choose_bitmap_format        [   0.73635] Fake format
d3d      D         d3d_disp.cpp:1186 real_choose_bitmap_format        [   0.73636] Fake format
d3d      D         d3d_disp.cpp:1186 real_choose_bitmap_format        [   0.73638] Fake format
d3d      D         d3d_disp.cpp:1186 real_choose_bitmap_format        [   0.73639] Fake format
d3d      D         d3d_disp.cpp:1186 real_choose_bitmap_format        [   0.73640] Fake format
d3d      D         d3d_disp.cpp:1194 real_choose_bitmap_format        [   0.73642] Alpha doesn't match
d3d      D         d3d_disp.cpp:1201 real_choose_bitmap_format        [   0.73645] Adapter format is 23
d3d      D         d3d_disp.cpp:1204 real_choose_bitmap_format        [   0.73647] Found a format
d3d      I         d3d_disp.cpp:2381 d3d_create_bitmap                [   0.73648] Chose bitmap format 9
dtor     D               dtor.c:184  _al_register_destructor          [   0.73687] added dtor for object 044CD440, func 0F6721E9
d3d      D          d3d_bmp.cpp:539  _al_d3d_sync_bitmap              [   0.73695] _al_d3d_sync_bitmap (system) ref count == 1
d3d      D          d3d_bmp.cpp:545  _al_d3d_sync_bitmap              [   0.73699] _al_d3d_sync_bitmap (video) ref count == 1
dtor     D               dtor.c:184  _al_register_destructor          [   0.73755] added dtor for object 044CD308, func 57BE13E3
dtor     D               dtor.c:184  _al_register_destructor          [   0.73780] added dtor for object 044CD1E8, func 57BE13E3
dtor     D               dtor.c:184  _al_register_destructor          [   0.73787] added dtor for object 001026E8, func 0F67172B
d3d      D         d3d_disp.cpp:1186 real_choose_bitmap_format        [   0.73818] Fake format
d3d      D         d3d_disp.cpp:1186 real_choose_bitmap_format        [   0.73820] Fake format
d3d      D         d3d_disp.cpp:1186 real_choose_bitmap_format        [   0.73822] Fake format
d3d      D         d3d_disp.cpp:1186 real_choose_bitmap_format        [   0.73823] Fake format
d3d      D         d3d_disp.cpp:1186 real_choose_bitmap_format        [   0.73825] Fake format
d3d      D         d3d_disp.cpp:1186 real_choose_bitmap_format        [   0.73827] Fake format
d3d      D         d3d_disp.cpp:1186 real_choose_bitmap_format        [   0.73828] Fake format
d3d      D         d3d_disp.cpp:1186 real_choose_bitmap_format        [   0.73830] Fake format
d3d      D         d3d_disp.cpp:1186 real_choose_bitmap_format        [   0.73831] Fake format
d3d      D         d3d_disp.cpp:1194 real_choose_bitmap_format        [   0.73833] Alpha doesn't match
d3d      D         d3d_disp.cpp:1201 real_choose_bitmap_format        [   0.73835] Adapter format is 23
d3d      D         d3d_disp.cpp:1204 real_choose_bitmap_format        [   0.73837] Found a format
d3d      I         d3d_disp.cpp:2381 d3d_create_bitmap                [   0.73838] Chose bitmap format 9
dtor     D               dtor.c:184  _al_register_destructor          [   0.73887] added dtor for object 044D6068, func 0F6721E9
d3d      D          d3d_bmp.cpp:539  _al_d3d_sync_bitmap              [   0.73900] _al_d3d_sync_bitmap (system) ref count == 1
d3d      D          d3d_bmp.cpp:545  _al_d3d_sync_bitmap              [   0.73903] _al_d3d_sync_bitmap (video) ref count == 1
dtor     D               dtor.c:184  _al_register_destructor          [   0.73938] added dtor for object 044CF8B8, func 57BE14B0
audio    D          kcm_mixer.c:121  _al_rechannel_matrix             [   0.73944] sample matrix:
audio    D          kcm_mixer.c:127  _al_rechannel_matrix             [   0.73945] 
audio    D          kcm_mixer.c:127  _al_rechannel_matrix             [   0.73947] 
d3d      D         d3d_disp.cpp:1186 real_choose_bitmap_format        [   0.73982] Fake format
d3d      D         d3d_disp.cpp:1186 real_choose_bitmap_format        [   0.73984] Fake format
d3d      D         d3d_disp.cpp:1186 real_choose_bitmap_format        [   0.73986] Fake format
d3d      D         d3d_disp.cpp:1186 real_choose_bitmap_format        [   0.73987] Fake format
d3d      D         d3d_disp.cpp:1186 real_choose_bitmap_format        [   0.73989] Fake format
d3d      D         d3d_disp.cpp:1186 real_choose_bitmap_format        [   0.73990] Fake format
d3d      D         d3d_disp.cpp:1186 real_choose_bitmap_format        [   0.73992] Fake format
d3d      D         d3d_disp.cpp:1186 real_choose_bitmap_format        [   0.73993] Fake format
d3d      D         d3d_disp.cpp:1186 real_choose_bitmap_format        [   0.73994] Fake format
d3d      D         d3d_disp.cpp:1194 real_choose_bitmap_format        [   0.73996] Alpha doesn't match
d3d      D         d3d_disp.cpp:1201 real_choose_bitmap_format        [   0.73997] Adapter format is 23
d3d      D         d3d_disp.cpp:1204 real_choose_bitmap_format        [   0.73999] Found a format
d3d      I         d3d_disp.cpp:2381 d3d_create_bitmap                [   0.74001] Chose bitmap format 9
dtor     D               dtor.c:184  _al_register_destructor          [   0.74046] added dtor for object 044D8E58, func 0F6721E9
d3d      D          d3d_bmp.cpp:539  _al_d3d_sync_bitmap              [   0.74056] _al_d3d_sync_bitmap (system) ref count == 1
d3d      D          d3d_bmp.cpp:545  _al_d3d_sync_bitmap              [   0.74059] _al_d3d_sync_bitmap (video) ref count == 1
d3d      D         d3d_disp.cpp:1186 real_choose_bitmap_format        [   0.74117] Fake format
d3d      D         d3d_disp.cpp:1186 real_choose_bitmap_format        [   0.74120] Fake format
d3d      D         d3d_disp.cpp:1186 real_choose_bitmap_format        [   0.74122] Fake format
d3d      D         d3d_disp.cpp:1186 real_choose_bitmap_format        [   0.74124] Fake format
d3d      D         d3d_disp.cpp:1186 real_choose_bitmap_format        [   0.74125] Fake format
d3d      D         d3d_disp.cpp:1186 real_choose_bitmap_format        [   0.74127] Fake format
d3d      D         d3d_disp.cpp:1186 real_choose_bitmap_format        [   0.74130] Fake format
d3d      D         d3d_disp.cpp:1186 real_choose_bitmap_format        [   0.74131] Fake format
d3d      D         d3d_disp.cpp:1186 real_choose_bitmap_format        [   0.74133] Fake format
d3d      D         d3d_disp.cpp:1194 real_choose_bitmap_format        [   0.74134] Alpha doesn't match
d3d      D         d3d_disp.cpp:1201 real_choose_bitmap_format        [   0.74136] Adapter format is 23
d3d      D         d3d_disp.cpp:1204 real_choose_bitmap_format        [   0.74138] Found a format
d3d      I         d3d_disp.cpp:2381 d3d_create_bitmap                [   0.74139] Chose bitmap format 9
dtor     D               dtor.c:184  _al_register_destructor          [   0.74197] added dtor for object 044D8FC0, func 0F6721E9
d3d      D          d3d_bmp.cpp:539  _al_d3d_sync_bitmap              [   0.74206] _al_d3d_sync_bitmap (system) ref count == 1
d3d      D          d3d_bmp.cpp:545  _al_d3d_sync_bitmap              [   0.74209] _al_d3d_sync_bitmap (video) ref count == 1
d3d      D         d3d_disp.cpp:1186 real_choose_bitmap_format        [   0.74276] Fake format
d3d      D         d3d_disp.cpp:1186 real_choose_bitmap_format        [   0.74279] Fake format
d3d      D         d3d_disp.cpp:1186 real_choose_bitmap_format        [   0.74282] Fake format
d3d      D         d3d_disp.cpp:1186 real_choose_bitmap_format        [   0.74283] Fake format
d3d      D         d3d_disp.cpp:1186 real_choose_bitmap_format        [   0.74285] Fake format
d3d      D         d3d_disp.cpp:1186 real_choose_bitmap_format        [   0.74287] Fake format
d3d      D         d3d_disp.cpp:1186 real_choose_bitmap_format        [   0.74290] Fake format
d3d      D         d3d_disp.cpp:1186 real_choose_bitmap_format        [   0.74291] Fake format
d3d      D         d3d_disp.cpp:1186 real_choose_bitmap_format        [   0.74293] Fake format
d3d      D         d3d_disp.cpp:1194 real_choose_bitmap_format        [   0.74295] Alpha doesn't match
d3d      D         d3d_disp.cpp:1201 real_choose_bitmap_format        [   0.74296] Adapter format is 23
d3d      D         d3d_disp.cpp:1204 real_choose_bitmap_format        [   0.74298] Found a format
d3d      I         d3d_disp.cpp:2381 d3d_create_bitmap                [   0.74300] Chose bitmap format 9
dtor     D               dtor.c:184  _al_register_destructor          [   0.74344] added dtor for object 10EC5E40, func 0F6721E9
d3d      D          d3d_bmp.cpp:539  _al_d3d_sync_bitmap              [   0.74359] _al_d3d_sync_bitmap (system) ref count == 1
d3d      D          d3d_bmp.cpp:545  _al_d3d_sync_bitmap              [   0.74362] _al_d3d_sync_bitmap (video) ref count == 1
d3d      D         d3d_disp.cpp:1186 real_choose_bitmap_format        [   0.74433] Fake format
d3d      D         d3d_disp.cpp:1186 real_choose_bitmap_format        [   0.74435] Fake format
d3d      D         d3d_disp.cpp:1186 real_choose_bitmap_format        [   0.74437] Fake format
d3d      D         d3d_disp.cpp:1186 real_choose_bitmap_format        [   0.74440] Fake format
d3d      D         d3d_disp.cpp:1186 real_choose_bitmap_format        [   0.74441] Fake format
d3d      D         d3d_disp.cpp:1186 real_choose_bitmap_format        [   0.74443] Fake format
d3d      D         d3d_disp.cpp:1186 real_choose_bitmap_format        [   0.74445] Fake format
d3d      D         d3d_disp.cpp:1186 real_choose_bitmap_format        [   0.74446] Fake format
d3d      D         d3d_disp.cpp:1186 real_choose_bitmap_format        [   0.74448] Fake format
d3d      D         d3d_disp.cpp:1194 real_choose_bitmap_format        [   0.74450] Alpha doesn't match
d3d      D         d3d_disp.cpp:1201 real_choose_bitmap_format        [   0.74452] Adapter format is 23
d3d      D         d3d_disp.cpp:1204 real_choose_bitmap_format        [   0.74455] Found a format
d3d      I         d3d_disp.cpp:2381 d3d_create_bitmap                [   0.74456] Chose bitmap format 9
dtor     D               dtor.c:184  _al_register_destructor          [   0.74498] added dtor for object 0441FCB8, func 0F6721E9
d3d      D          d3d_bmp.cpp:539  _al_d3d_sync_bitmap              [   0.74511] _al_d3d_sync_bitmap (system) ref count == 1
d3d      D          d3d_bmp.cpp:545  _al_d3d_sync_bitmap              [   0.74514] _al_d3d_sync_bitmap (video) ref count == 1
dtor     D               dtor.c:184  _al_register_destructor          [   0.74570] added dtor for object 044CD3E0, func 57BE13E3
d3d      D         d3d_disp.cpp:1186 real_choose_bitmap_format        [   0.74597] Fake format
d3d      D         d3d_disp.cpp:1186 real_choose_bitmap_format        [   0.74599] Fake format
d3d      D         d3d_disp.cpp:1186 real_choose_bitmap_format        [   0.74601] Fake format
d3d      D         d3d_disp.cpp:1186 real_choose_bitmap_format        [   0.74603] Fake format
d3d      D         d3d_disp.cpp:1186 real_choose_bitmap_format        [   0.74605] Fake format
d3d      D         d3d_disp.cpp:1186 real_choose_bitmap_format        [   0.74607] Fake format
d3d      D         d3d_disp.cpp:1186 real_choose_bitmap_format        [   0.74608] Fake format
d3d      D         d3d_disp.cpp:1186 real_choose_bitmap_format        [   0.74610] Fake format
d3d      D         d3d_disp.cpp:1186 real_choose_bitmap_format        [   0.74611] Fake format
d3d      D         d3d_disp.cpp:1194 real_choose_bitmap_format        [   0.74612] Alpha doesn't match
d3d      D         d3d_disp.cpp:1201 real_choose_bitmap_format        [   0.74614] Adapter format is 23
d3d      D         d3d_disp.cpp:1204 real_choose_bitmap_format        [   0.74615] Found a format
d3d      I         d3d_disp.cpp:2381 d3d_create_bitmap                [   0.74617] Chose bitmap format 9
dtor     D               dtor.c:184  _al_register_destructor          [   0.74661] added dtor for object 10EC5B10, func 0F6721E9
d3d      D          d3d_bmp.cpp:539  _al_d3d_sync_bitmap              [   0.74673] _al_d3d_sync_bitmap (system) ref count == 1
d3d      D          d3d_bmp.cpp:545  _al_d3d_sync_bitmap              [   0.74676] _al_d3d_sync_bitmap (video) ref count == 1
d3d      D         d3d_disp.cpp:1186 real_choose_bitmap_format        [   0.74731] Fake format
d3d      D         d3d_disp.cpp:1186 real_choose_bitmap_format        [   0.74734] Fake format
d3d      D         d3d_disp.cpp:1186 real_choose_bitmap_format        [   0.74735] Fake format
d3d      D         d3d_disp.cpp:1186 real_choose_bitmap_format        [   0.74737] Fake format
d3d      D         d3d_disp.cpp:1186 real_choose_bitmap_format        [   0.74738] Fake format
d3d      D         d3d_disp.cpp:1186 real_choose_bitmap_format        [   0.74740] Fake format
d3d      D         d3d_disp.cpp:1186 real_choose_bitmap_format        [   0.74742] Fake format
d3d      D         d3d_disp.cpp:1186 real_choose_bitmap_format        [   0.74743] Fake format
d3d      D         d3d_disp.cpp:1186 real_choose_bitmap_format        [   0.74745] Fake format
d3d      D         d3d_disp.cpp:1194 real_choose_bitmap_format        [   0.74747] Alpha doesn't match
d3d      D         d3d_disp.cpp:1201 real_choose_bitmap_format        [   0.74750] Adapter format is 23
d3d      D         d3d_disp.cpp:1204 real_choose_bitmap_format        [   0.74752] Found a format
d3d      I         d3d_disp.cpp:2381 d3d_create_bitmap                [   0.74754] Chose bitmap format 9
dtor     D               dtor.c:184  _al_register_destructor          [   0.74794] added dtor for object 10EC5C78, func 0F6721E9
d3d      D          d3d_bmp.cpp:539  _al_d3d_sync_bitmap              [   0.74805] _al_d3d_sync_bitmap (system) ref count == 1
d3d      D          d3d_bmp.cpp:545  _al_d3d_sync_bitmap              [   0.74808] _al_d3d_sync_bitmap (video) ref count == 1
d3d      D         d3d_disp.cpp:1186 real_choose_bitmap_format        [   0.74881] Fake format
d3d      D         d3d_disp.cpp:1186 real_choose_bitmap_format        [   0.74883] Fake format
d3d      D         d3d_disp.cpp:1186 real_choose_bitmap_format        [   0.74885] Fake format
d3d      D         d3d_disp.cpp:1186 real_choose_bitmap_format        [   0.74887] Fake format
d3d      D         d3d_disp.cpp:1186 real_choose_bitmap_format        [   0.74888] Fake format
d3d      D         d3d_disp.cpp:1186 real_choose_bitmap_format        [   0.74890] Fake format
d3d      D         d3d_disp.cpp:1186 real_choose_bitmap_format        [   0.74891] Fake format
d3d      D         d3d_disp.cpp:1186 real_choose_bitmap_format        [   0.74893] Fake format
d3d      D         d3d_disp.cpp:1186 real_choose_bitmap_format        [   0.74895] Fake format
d3d      D         d3d_disp.cpp:1194 real_choose_bitmap_format        [   0.74896] Alpha doesn't match
d3d      D         d3d_disp.cpp:1201 real_choose_bitmap_format        [   0.74898] Adapter format is 23
d3d      D         d3d_disp.cpp:1204 real_choose_bitmap_format        [   0.74900] Found a format
d3d      I         d3d_disp.cpp:2381 d3d_create_bitmap                [   0.74906] Chose bitmap format 9
dtor     D               dtor.c:184  _al_register_destructor          [   0.74941] added dtor for object 10EC5640, func 0F6721E9
d3d      D          d3d_bmp.cpp:539  _al_d3d_sync_bitmap              [   0.74963] _al_d3d_sync_bitmap (system) ref count == 1
d3d      D          d3d_bmp.cpp:545  _al_d3d_sync_bitmap              [   0.74966] _al_d3d_sync_bitmap (video) ref count == 1
d3d      D         d3d_disp.cpp:1186 real_choose_bitmap_format        [   0.75025] Fake format
d3d      D         d3d_disp.cpp:1186 real_choose_bitmap_format        [   0.75028] Fake format
d3d      D         d3d_disp.cpp:1186 real_choose_bitmap_format        [   0.75029] Fake format
d3d      D         d3d_disp.cpp:1186 real_choose_bitmap_format        [   0.75031] Fake format
d3d      D         d3d_disp.cpp:1186 real_choose_bitmap_format        [   0.75033] Fake format
d3d      D         d3d_disp.cpp:1186 real_choose_bitmap_format        [   0.75034] Fake format
d3d      D         d3d_disp.cpp:1186 real_choose_bitmap_format        [   0.75036] Fake format
d3d      D         d3d_disp.cpp:1186 real_choose_bitmap_format        [   0.75037] Fake format
d3d      D         d3d_disp.cpp:1186 real_choose_bitmap_format        [   0.75039] Fake format
d3d      D         d3d_disp.cpp:1194 real_choose_bitmap_format        [   0.75041] Alpha doesn't match
d3d      D         d3d_disp.cpp:1201 real_choose_bitmap_format        [   0.75042] Adapter format is 23
d3d      D         d3d_disp.cpp:1204 real_choose_bitmap_format        [   0.75044] Found a format
d3d      I         d3d_disp.cpp:2381 d3d_create_bitmap                [   0.75046] Chose bitmap format 9
dtor     D               dtor.c:184  _al_register_destructor          [   0.75089] added dtor for object 10EC5100, func 0F6721E9
d3d      D          d3d_bmp.cpp:539  _al_d3d_sync_bitmap              [   0.75105] _al_d3d_sync_bitmap (system) ref count == 1
d3d      D          d3d_bmp.cpp:545  _al_d3d_sync_bitmap              [   0.75108] _al_d3d_sync_bitmap (video) ref count == 1
dtor     D               dtor.c:184  _al_register_destructor          [   0.75152] added dtor for object 02A30E18, func 0F67233D
d3d      D          d3d_bmp.cpp:539  _al_d3d_sync_bitmap              [   0.75358] _al_d3d_sync_bitmap (system) ref count == 1
d3d      D          d3d_bmp.cpp:545  _al_d3d_sync_bitmap              [   0.75362] _al_d3d_sync_bitmap (video) ref count == 1
d3d      D          d3d_bmp.cpp:539  _al_d3d_sync_bitmap              [   0.75364] _al_d3d_sync_bitmap (system) ref count == 1
d3d      D          d3d_bmp.cpp:545  _al_d3d_sync_bitmap              [   0.75366] _al_d3d_sync_bitmap (video) ref count == 1
d3d      D          d3d_bmp.cpp:539  _al_d3d_sync_bitmap              [   0.75376] _al_d3d_sync_bitmap (system) ref count == 1
d3d      D          d3d_bmp.cpp:545  _al_d3d_sync_bitmap              [   0.75379] _al_d3d_sync_bitmap (video) ref count == 1
d3d      D          d3d_bmp.cpp:539  _al_d3d_sync_bitmap              [   0.75387] _al_d3d_sync_bitmap (system) ref count == 1
d3d      D          d3d_bmp.cpp:545  _al_d3d_sync_bitmap              [   0.75390] _al_d3d_sync_bitmap (video) ref count == 1
d3d      D          d3d_bmp.cpp:539  _al_d3d_sync_bitmap              [   0.75399] _al_d3d_sync_bitmap (system) ref count == 1
d3d      D          d3d_bmp.cpp:545  _al_d3d_sync_bitmap              [   0.75401] _al_d3d_sync_bitmap (video) ref count == 1
d3d      D          d3d_bmp.cpp:539  _al_d3d_sync_bitmap              [   0.75410] _al_d3d_sync_bitmap (system) ref count == 1
d3d      D          d3d_bmp.cpp:545  _al_d3d_sync_bitmap              [   0.75413] _al_d3d_sync_bitmap (video) ref count == 1
d3d      D          d3d_bmp.cpp:539  _al_d3d_sync_bitmap              [   0.75422] _al_d3d_sync_bitmap (system) ref count == 1
d3d      D          d3d_bmp.cpp:545  _al_d3d_sync_bitmap              [   0.75425] _al_d3d_sync_bitmap (video) ref count == 1
d3d      D          d3d_bmp.cpp:539  _al_d3d_sync_bitmap              [   0.75436] _al_d3d_sync_bitmap (system) ref count == 1
d3d      D          d3d_bmp.cpp:545  _al_d3d_sync_bitmap              [   0.75439] _al_d3d_sync_bitmap (video) ref count == 1
d3d      D          d3d_bmp.cpp:539  _al_d3d_sync_bitmap              [   0.75450] _al_d3d_sync_bitmap (system) ref count == 1
d3d      D          d3d_bmp.cpp:545  _al_d3d_sync_bitmap              [   0.75453] _al_d3d_sync_bitmap (video) ref count == 1
d3d      D          d3d_bmp.cpp:539  _al_d3d_sync_bitmap              [   0.75467] _al_d3d_sync_bitmap (system) ref count == 1
d3d      D          d3d_bmp.cpp:545  _al_d3d_sync_bitmap              [   0.75470] _al_d3d_sync_bitmap (video) ref count == 1
d3d      D          d3d_bmp.cpp:539  _al_d3d_sync_bitmap              [   0.75483] _al_d3d_sync_bitmap (system) ref count == 1
d3d      D          d3d_bmp.cpp:545  _al_d3d_sync_bitmap              [   0.75486] _al_d3d_sync_bitmap (video) ref count == 1
d3d      D         d3d_disp.cpp:1186 real_choose_bitmap_format        [   0.87166] Fake format
d3d      D         d3d_disp.cpp:1186 real_choose_bitmap_format        [   0.87170] Fake format
d3d      D         d3d_disp.cpp:1186 real_choose_bitmap_format        [   0.87172] Fake format
d3d      D         d3d_disp.cpp:1186 real_choose_bitmap_format        [   0.87174] Fake format
d3d      D         d3d_disp.cpp:1186 real_choose_bitmap_format        [   0.87176] Fake format
d3d      D         d3d_disp.cpp:1186 real_choose_bitmap_format        [   0.87177] Fake format
d3d      D         d3d_disp.cpp:1186 real_choose_bitmap_format        [   0.87179] Fake format
d3d      D         d3d_disp.cpp:1186 real_choose_bitmap_format        [   0.87181] Fake format
d3d      D         d3d_disp.cpp:1186 real_choose_bitmap_format        [   0.87182] Fake format
d3d      D         d3d_disp.cpp:1194 real_choose_bitmap_format        [   0.87184] Alpha doesn't match
d3d      D         d3d_disp.cpp:1201 real_choose_bitmap_format        [   0.87186] Adapter format is 23
d3d      D         d3d_disp.cpp:1204 real_choose_bitmap_format        [   0.87188] Found a format
d3d      I         d3d_disp.cpp:2381 d3d_create_bitmap                [   0.87190] Chose bitmap format 9
font     D                ttf.c:225  alloc_glyph_region               [   0.87272] Glyph 47: 14x24 (16x24)
d3d      D          d3d_bmp.cpp:539  _al_d3d_sync_bitmap              [   0.87464] _al_d3d_sync_bitmap (system) ref count == 1
d3d      D          d3d_bmp.cpp:545  _al_d3d_sync_bitmap              [   0.87471] _al_d3d_sync_bitmap (video) ref count == 1
font     D                ttf.c:225  alloc_glyph_region               [   0.87600] Glyph 81: 10x18 (12x20)
d3d      D          d3d_bmp.cpp:539  _al_d3d_sync_bitmap              [   0.87652] _al_d3d_sync_bitmap (system) ref count == 1
d3d      D          d3d_bmp.cpp:545  _al_d3d_sync_bitmap              [   0.87656] _al_d3d_sync_bitmap (video) ref count == 1
font     D                ttf.c:225  alloc_glyph_region               [   0.87777] Glyph 68: 15x18 (16x20)
d3d      D          d3d_bmp.cpp:539  _al_d3d_sync_bitmap              [   0.87851] _al_d3d_sync_bitmap (system) ref count == 1
d3d      D          d3d_bmp.cpp:545  _al_d3d_sync_bitmap              [   0.87855] _al_d3d_sync_bitmap (video) ref count == 1
font     D                ttf.c:225  alloc_glyph_region               [   0.87950] Glyph 82: 15x18 (16x20)
d3d      D          d3d_bmp.cpp:539  _al_d3d_sync_bitmap              [   0.87987] _al_d3d_sync_bitmap (system) ref count == 1
d3d      D          d3d_bmp.cpp:545  _al_d3d_sync_bitmap              [   0.87990] _al_d3d_sync_bitmap (video) ref count == 1
font     D                ttf.c:415  cache_glyph                      [   0.88131] Glyph 311 has zero size.
font     D                ttf.c:225  alloc_glyph_region               [   0.88143] Glyph 50: 15x24 (16x24)
d3d      D          d3d_bmp.cpp:539  _al_d3d_sync_bitmap              [   0.88165] _al_d3d_sync_bitmap (system) ref count == 1
d3d      D          d3d_bmp.cpp:545  _al_d3d_sync_bitmap              [   0.88169] _al_d3d_sync_bitmap (video) ref count == 1
font     D                ttf.c:225  alloc_glyph_region               [   0.88272] Glyph 79: 14x24 (16x24)
d3d      D          d3d_bmp.cpp:539  _al_d3d_sync_bitmap              [   0.88293] _al_d3d_sync_bitmap (system) ref count == 1
d3d      D          d3d_bmp.cpp:545  _al_d3d_sync_bitmap              [   0.88296] _al_d3d_sync_bitmap (video) ref count == 1
font     D                ttf.c:225  alloc_glyph_region               [   0.88412] Glyph 64: 14x18 (16x20)
d3d      D          d3d_bmp.cpp:539  _al_d3d_sync_bitmap              [   0.88432] _al_d3d_sync_bitmap (system) ref count == 1
d3d      D          d3d_bmp.cpp:545  _al_d3d_sync_bitmap              [   0.88435] _al_d3d_sync_bitmap (video) ref count == 1
font     D                ttf.c:225  alloc_glyph_region               [   0.88513] Glyph 66: 14x18 (16x20)
d3d      D          d3d_bmp.cpp:539  _al_d3d_sync_bitmap              [   0.88532] _al_d3d_sync_bitmap (system) ref count == 1
d3d      D          d3d_bmp.cpp:545  _al_d3d_sync_bitmap              [   0.88535] _al_d3d_sync_bitmap (video) ref count == 1
font     D                ttf.c:225  alloc_glyph_region               [   0.88622] Glyph 83: 12x24 (12x24)
d3d      D          d3d_bmp.cpp:539  _al_d3d_sync_bitmap              [   0.88640] _al_d3d_sync_bitmap (system) ref count == 1
d3d      D          d3d_bmp.cpp:545  _al_d3d_sync_bitmap              [   0.88643] _al_d3d_sync_bitmap (video) ref count == 1
font     D                ttf.c:225  alloc_glyph_region               [   0.88724] Glyph 78: 14x18 (16x20)
d3d      D          d3d_bmp.cpp:539  _al_d3d_sync_bitmap              [   0.88740] _al_d3d_sync_bitmap (system) ref count == 1
d3d      D          d3d_bmp.cpp:545  _al_d3d_sync_bitmap              [   0.88743] _al_d3d_sync_bitmap (video) ref count == 1
font     D                ttf.c:225  alloc_glyph_region               [   0.88829] Glyph 312: 7x24 (8x24)
d3d      D          d3d_bmp.cpp:539  _al_d3d_sync_bitmap              [   0.88848] _al_d3d_sync_bitmap (system) ref count == 1
d3d      D          d3d_bmp.cpp:545  _al_d3d_sync_bitmap              [   0.88851] _al_d3d_sync_bitmap (video) ref count == 1
font     D                ttf.c:225  alloc_glyph_region               [   0.89004] Glyph 36: 15x24 (16x24)
d3d      D          d3d_bmp.cpp:539  _al_d3d_sync_bitmap              [   0.89008] _al_d3d_sync_bitmap (system) ref count == 1
d3d      D          d3d_bmp.cpp:545  _al_d3d_sync_bitmap              [   0.89010] _al_d3d_sync_bitmap (video) ref count == 1
font     D                ttf.c:225  alloc_glyph_region               [   0.89251] Glyph 45: 14x24 (16x24)
d3d      D          d3d_bmp.cpp:539  _al_d3d_sync_bitmap              [   0.89275] _al_d3d_sync_bitmap (system) ref count == 1
d3d      D          d3d_bmp.cpp:545  _al_d3d_sync_bitmap              [   0.89278] _al_d3d_sync_bitmap (video) ref count == 1
font     D                ttf.c:225  alloc_glyph_region               [   0.89367] Glyph 51: 15x24 (16x24)
d3d      D          d3d_bmp.cpp:539  _al_d3d_sync_bitmap              [   0.89391] _al_d3d_sync_bitmap (system) ref count == 1
d3d      D          d3d_bmp.cpp:545  _al_d3d_sync_bitmap              [   0.89395] _al_d3d_sync_bitmap (video) ref count == 1
font     D                ttf.c:225  alloc_glyph_region               [   0.89543] Glyph 49: 14x24 (16x24)
d3d      D          d3d_bmp.cpp:539  _al_d3d_sync_bitmap              [   0.89565] _al_d3d_sync_bitmap (system) ref count == 1
d3d      D          d3d_bmp.cpp:545  _al_d3d_sync_bitmap              [   0.89569] _al_d3d_sync_bitmap (video) ref count == 1
font     D                ttf.c:225  alloc_glyph_region               [   0.89654] Glyph 69: 12x24 (12x24)
d3d      D          d3d_bmp.cpp:539  _al_d3d_sync_bitmap              [   0.89672] _al_d3d_sync_bitmap (system) ref count == 1
d3d      D          d3d_bmp.cpp:545  _al_d3d_sync_bitmap              [   0.89675] _al_d3d_sync_bitmap (video) ref count == 1
font     D                ttf.c:225  alloc_glyph_region               [   0.89761] Glyph 53: 15x24 (16x24)
d3d      D          d3d_bmp.cpp:539  _al_d3d_sync_bitmap              [   0.89788] _al_d3d_sync_bitmap (system) ref count == 1
d3d      D          d3d_bmp.cpp:545  _al_d3d_sync_bitmap              [   0.89792] _al_d3d_sync_bitmap (video) ref count == 1
font     D                ttf.c:225  alloc_glyph_region               [   0.89898] Glyph 76: 23x18 (24x20)
d3d      D          d3d_bmp.cpp:539  _al_d3d_sync_bitmap              [   0.89920] _al_d3d_sync_bitmap (system) ref count == 1
d3d      D          d3d_bmp.cpp:545  _al_d3d_sync_bitmap              [   0.89924] _al_d3d_sync_bitmap (video) ref count == 1
font     D                ttf.c:225  alloc_glyph_region               [   0.90039] Glyph 67: 14x24 (16x24)
d3d      D          d3d_bmp.cpp:539  _al_d3d_sync_bitmap              [   0.90061] _al_d3d_sync_bitmap (system) ref count == 1
d3d      D          d3d_bmp.cpp:545  _al_d3d_sync_bitmap              [   0.90065] _al_d3d_sync_bitmap (video) ref count == 1
d3d      D          d3d_bmp.cpp:539  _al_d3d_sync_bitmap              [   0.90362] _al_d3d_sync_bitmap (system) ref count == 1
d3d      D          d3d_bmp.cpp:545  _al_d3d_sync_bitmap              [   0.90366] _al_d3d_sync_bitmap (video) ref count == 1
font     D                ttf.c:847  al_load_ttf_font_stretch_f       [   3.97608] Font assets/arial_narrow_7.ttf loaded with pixel size 0 x 72.
font     D                ttf.c:849  al_load_ttf_font_stretch_f       [   3.97614]     ascent=50.0, descent=-14.0, height=72.0
dtor     D               dtor.c:184  _al_register_destructor          [   3.97619] added dtor for object 044CFF00, func 6AA01055
font     D                ttf.c:847  al_load_ttf_font_stretch_f       [   3.97692] Font assets/arial_narrow_7.ttf loaded with pixel size 0 x 72.
font     D                ttf.c:849  al_load_ttf_font_stretch_f       [   3.97694]     ascent=50.0, descent=-14.0, height=72.0
dtor     D               dtor.c:184  _al_register_destructor          [   3.97698] added dtor for object 044CFD80, func 6AA01055
dtor     D               dtor.c:214  _al_unregister_destructor        [   3.97700] removed dtor for object 044CD440
dtor     D               dtor.c:214  _al_unregister_destructor        [   3.97704] removed dtor for object 044CD308
dtor     D               dtor.c:214  _al_unregister_destructor        [   3.97706] removed dtor for object 044CD1E8
dtor     D               dtor.c:214  _al_unregister_destructor        [   3.97712] removed dtor for object 001026E8
dtor     D               dtor.c:214  _al_unregister_destructor        [   3.97716] removed dtor for object 044D5810
dtor     D               dtor.c:214  _al_unregister_destructor        [   3.97719] removed dtor for object 10EC5100
dtor     D               dtor.c:214  _al_unregister_destructor        [   3.97722] removed dtor for object 10EC5640
dtor     D               dtor.c:214  _al_unregister_destructor        [   3.97725] removed dtor for object 10EC5C78
dtor     D               dtor.c:214  _al_unregister_destructor        [   3.97729] removed dtor for object 10EC5B10
dtor     D               dtor.c:214  _al_unregister_destructor        [   3.98979] removed dtor for object 000C03B0
d3d      I         d3d_disp.cpp:899  d3d_destroy_display              [   3.98986] destroying display 0018CA30 (current 00000000)
bitmap   D        bitmap_type.c:300  _al_convert_to_memory_bitmap     [   3.99271] converting display bitmap 044B6708 to memory bitmap
dtor     D               dtor.c:184  _al_register_destructor          [   3.99317] added dtor for object 10EC5100, func 0F6721E9
d3d      D          d3d_bmp.cpp:539  _al_d3d_sync_bitmap              [   3.99323] _al_d3d_sync_bitmap (system) ref count == 1
d3d      D          d3d_bmp.cpp:545  _al_d3d_sync_bitmap              [   3.99324] _al_d3d_sync_bitmap (video) ref count == 1
dtor     D               dtor.c:214  _al_unregister_destructor        [   3.99419] removed dtor for object 10EC5100
bitmap   D        bitmap_type.c:300  _al_convert_to_memory_bitmap     [   3.99450] converting display bitmap 0441FCB8 to memory bitmap
dtor     D               dtor.c:184  _al_register_destructor          [   3.99459] added dtor for object 10EC5100, func 0F6721E9
d3d      D          d3d_bmp.cpp:539  _al_d3d_sync_bitmap              [   3.99462] _al_d3d_sync_bitmap (system) ref count == 1
d3d      D          d3d_bmp.cpp:545  _al_d3d_sync_bitmap              [   3.99465] _al_d3d_sync_bitmap (video) ref count == 1
dtor     D               dtor.c:214  _al_unregister_destructor        [   3.99488] removed dtor for object 10EC5100
bitmap   D        bitmap_type.c:300  _al_convert_to_memory_bitmap     [   3.99492] converting display bitmap 10EC5E40 to memory bitmap
dtor     D               dtor.c:184  _al_register_destructor          [   3.99497] added dtor for object 10EC5100, func 0F6721E9
d3d      D          d3d_bmp.cpp:539  _al_d3d_sync_bitmap              [   3.99500] _al_d3d_sync_bitmap (system) ref count == 1
d3d      D          d3d_bmp.cpp:545  _al_d3d_sync_bitmap              [   3.99502] _al_d3d_sync_bitmap (video) ref count == 1
dtor     D               dtor.c:214  _al_unregister_destructor        [   3.99517] removed dtor for object 10EC5100
bitmap   D        bitmap_type.c:300  _al_convert_to_memory_bitmap     [   3.99521] converting display bitmap 044D8FC0 to memory bitmap
dtor     D               dtor.c:184  _al_register_destructor          [   3.99525] added dtor for object 044D5A30, func 0F6721E9
d3d      D          d3d_bmp.cpp:539  _al_d3d_sync_bitmap              [   3.99528] _al_d3d_sync_bitmap (system) ref count == 1
d3d      D          d3d_bmp.cpp:545  _al_d3d_sync_bitmap              [   3.99530] _al_d3d_sync_bitmap (video) ref count == 1
dtor     D               dtor.c:214  _al_unregister_destructor        [   3.99546] removed dtor for object 044D5A30
bitmap   D        bitmap_type.c:300  _al_convert_to_memory_bitmap     [   3.99550] converting display bitmap 044D8E58 to memory bitmap
dtor     D               dtor.c:184  _al_register_destructor          [   3.99555] added dtor for object 044D5A30, func 0F6721E9
d3d      D          d3d_bmp.cpp:539  _al_d3d_sync_bitmap              [   3.99559] _al_d3d_sync_bitmap (system) ref count == 1
d3d      D          d3d_bmp.cpp:545  _al_d3d_sync_bitmap              [   3.99561] _al_d3d_sync_bitmap (video) ref count == 1
dtor     D               dtor.c:214  _al_unregister_destructor        [   3.99574] removed dtor for object 044D5A30
bitmap   D        bitmap_type.c:300  _al_convert_to_memory_bitmap     [   3.99580] converting display bitmap 044D6068 to memory bitmap
dtor     D               dtor.c:184  _al_register_destructor          [   3.99584] added dtor for object 044D5A30, func 0F6721E9
d3d      D          d3d_bmp.cpp:539  _al_d3d_sync_bitmap              [   3.99587] _al_d3d_sync_bitmap (system) ref count == 1
d3d      D          d3d_bmp.cpp:545  _al_d3d_sync_bitmap              [   3.99589] _al_d3d_sync_bitmap (video) ref count == 1
dtor     D               dtor.c:214  _al_unregister_destructor        [   3.99602] removed dtor for object 044D5A30
d3d      D         d3d_disp.cpp:883  d3d_destroy_display_internals    [   3.99606] waiting for display 0018CA30's thread to end
d3d      I         d3d_disp.cpp:1551 d3d_display_thread_proc          [   4.02376] d3d display thread exits
dtor     D               dtor.c:214  _al_unregister_destructor        [   4.02462] removed dtor for object 02A30E18
dtor     D               dtor.c:214  _al_unregister_destructor        [   4.02467] removed dtor for object 044CFF00
dtor     D               dtor.c:214  _al_unregister_destructor        [   4.02477] removed dtor for object 044CFD80
dtor     D               dtor.c:114  _al_run_destructors              [   4.02485] calling dtor for object 0441FCB8, func 0F6721E9
dtor     D               dtor.c:214  _al_unregister_destructor        [   4.02487] removed dtor for object 0441FCB8
dtor     D               dtor.c:114  _al_run_destructors              [   4.02490] calling dtor for object 10EC5E40, func 0F6721E9
dtor     D               dtor.c:214  _al_unregister_destructor        [   4.02492] removed dtor for object 10EC5E40
dtor     D               dtor.c:114  _al_run_destructors              [   4.02495] calling dtor for object 044D8FC0, func 0F6721E9
dtor     D               dtor.c:214  _al_unregister_destructor        [   4.02497] removed dtor for object 044D8FC0
dtor     D               dtor.c:114  _al_run_destructors              [   4.02499] calling dtor for object 044D8E58, func 0F6721E9
dtor     D               dtor.c:214  _al_unregister_destructor        [   4.02501] removed dtor for object 044D8E58
dtor     D               dtor.c:114  _al_run_destructors              [   4.02504] calling dtor for object 044D6068, func 0F6721E9
dtor     D               dtor.c:214  _al_unregister_destructor        [   4.02506] removed dtor for object 044D6068
dtor     D               dtor.c:114  _al_run_destructors              [   4.02511] calling dtor for object 044D0200, func 6AA01055
dtor     D               dtor.c:214  _al_unregister_destructor        [   4.02513] removed dtor for object 044D0200
dtor     D               dtor.c:114  _al_run_destructors              [   4.02520] calling dtor for object 001A83C8, func 6AA01055
dtor     D               dtor.c:214  _al_unregister_destructor        [   4.02522] removed dtor for object 001A83C8
dtor     D               dtor.c:214  _al_unregister_destructor        [   4.02544] removed dtor for object 044B5F30
dtor     D               dtor.c:214  _al_unregister_destructor        [   4.02546] removed dtor for object 044CF8B8
dtor     D               dtor.c:214  _al_unregister_destructor        [   4.02548] removed dtor for object 044AD890
audio-dsound D           dsound.cpp:539  _dsound_stop_voice               [   4.02550] Stopping voice
audio-dsound D           dsound.cpp:556  _dsound_stop_voice               [   4.02552] Joining thread
audio-dsound D           dsound.cpp:562  _dsound_stop_voice               [   4.02905] Joined thread
audio-dsound D           dsound.cpp:564  _dsound_stop_voice               [   4.02909] Destroying thread
audio-dsound D           dsound.cpp:566  _dsound_stop_voice               [   4.02911] Thread destroyed
audio-dsound D           dsound.cpp:573  _dsound_stop_voice               [   4.02913] Releasing buffer
audio-dsound I           dsound.cpp:577  _dsound_stop_voice               [   4.02914] Voice stopped
dtor     D               dtor.c:214  _al_unregister_destructor        [   4.02921] removed dtor for object 00176A10
audio-dsound D           dsound.cpp:389  _dsound_deallocate_voice         [   4.02923] Deallocating voice
audio-dsound D           dsound.cpp:394  _dsound_deallocate_voice         [   4.02925] Deallocated voice
dtor     D               dtor.c:114  _al_run_destructors              [   4.02927] calling dtor for object 044CD3E0, func 57BE13E3
dtor     D               dtor.c:214  _al_unregister_destructor        [   4.02929] removed dtor for object 044CD3E0
audio-dsound D           dsound.cpp:303  _dsound_close                    [   4.02931] Releasing device
audio-dsound D           dsound.cpp:305  _dsound_close                    [   4.03413] Released device
audio-dsound I           dsound.cpp:308  _dsound_close                    [   4.03417] DirectSound closed
